2025-06-19 13:24:28,586 INFO o.a.j.u.JMeterUtils: Setting Locale to en_EN
2025-06-19 13:24:28,613 INFO o.a.j.JMeter: Loading user properties from: user.properties
2025-06-19 13:24:28,613 INFO o.a.j.JMeter: Loading system properties from: system.properties
2025-06-19 13:24:28,619 INFO o.a.j.JMeter: Copyright (c) 1998-2024 The Apache Software Foundation
2025-06-19 13:24:28,619 INFO o.a.j.JMeter: Version 5.6.3
2025-06-19 13:24:28,619 INFO o.a.j.JMeter: java.version=22.0.2
2025-06-19 13:24:28,619 INFO o.a.j.JMeter: java.vm.name=Java HotSpot(TM) 64-Bit Server VM
2025-06-19 13:24:28,619 INFO o.a.j.JMeter: os.name=Windows 11
2025-06-19 13:24:28,619 INFO o.a.j.JMeter: os.arch=amd64
2025-06-19 13:24:28,619 INFO o.a.j.JMeter: os.version=10.0
2025-06-19 13:24:28,619 INFO o.a.j.JMeter: file.encoding=UTF-8
2025-06-19 13:24:28,622 INFO o.a.j.JMeter: java.awt.headless=null
2025-06-19 13:24:28,622 INFO o.a.j.JMeter: Max memory     =1073741824
2025-06-19 13:24:28,622 INFO o.a.j.JMeter: Available Processors =16
2025-06-19 13:24:28,631 INFO o.a.j.JMeter: Default Locale=English (EN)
2025-06-19 13:24:28,631 INFO o.a.j.JMeter: JMeter  Locale=English (EN)
2025-06-19 13:24:28,631 INFO o.a.j.JMeter: JMeterHome=D:\Projects\Springboot\hotelrating\apache-jmeter-5.6.3
2025-06-19 13:24:28,631 INFO o.a.j.JMeter: user.dir  =D:\Projects\Springboot\hotelrating\apache-jmeter-5.6.3\bin
2025-06-19 13:24:28,631 INFO o.a.j.JMeter: PWD       =D:\Projects\Springboot\hotelrating\apache-jmeter-5.6.3\bin
2025-06-19 13:24:28,631 INFO o.a.j.JMeter: IP: 192.168.16.104 Name: Aashish FullName: Aashish
2025-06-19 13:24:28,647 INFO o.a.j.JMeter: Loaded icon properties from org/apache/jmeter/images/icon.properties
2025-06-19 13:24:28,911 INFO o.a.j.JMeterGuiLauncher: Setting LAF to: com.github.weisj.darklaf.DarkLaf:com.github.weisj.darklaf.theme.DarculaTheme
2025-06-19 13:37:22,425 INFO o.a.j.p.h.s.HTTPSamplerBase: Parser for text/html is org.apache.jmeter.protocol.http.parser.LagartoBasedHtmlParser
2025-06-19 13:37:22,426 INFO o.a.j.p.h.s.HTTPSamplerBase: Parser for application/xhtml+xml is org.apache.jmeter.protocol.http.parser.LagartoBasedHtmlParser
2025-06-19 13:37:22,426 INFO o.a.j.p.h.s.HTTPSamplerBase: Parser for application/xml is org.apache.jmeter.protocol.http.parser.LagartoBasedHtmlParser
2025-06-19 13:37:22,426 INFO o.a.j.p.h.s.HTTPSamplerBase: Parser for text/xml is org.apache.jmeter.protocol.http.parser.LagartoBasedHtmlParser
2025-06-19 13:37:22,426 INFO o.a.j.p.h.s.HTTPSamplerBase: Parser for text/vnd.wap.wml is org.apache.jmeter.protocol.http.parser.RegexpHTMLParser
2025-06-19 13:37:22,426 INFO o.a.j.p.h.s.HTTPSamplerBase: Parser for text/css is org.apache.jmeter.protocol.http.parser.CssParser
2025-06-19 13:51:06,097 INFO o.a.j.s.SampleResult: Note: Sample TimeStamps are START times
2025-06-19 13:51:06,097 INFO o.a.j.s.SampleResult: sampleresult.default.encoding is set to UTF-8
2025-06-19 13:51:06,097 INFO o.a.j.s.SampleResult: sampleresult.useNanoTime=true
2025-06-19 13:51:06,097 INFO o.a.j.s.SampleResult: sampleresult.nanoThreadSleep=5000
2025-06-19 13:52:18,529 INFO o.a.j.s.FileServer: Default base='D:\Projects\Springboot\hotelrating\apache-jmeter-5.6.3\bin'
2025-06-19 13:52:18,530 INFO o.a.j.s.FileServer: Set new base='D:\Projects\Springboot\hotelrating\apache-jmeter-5.6.3\bin'
2025-06-19 13:52:18,715 INFO o.a.j.s.SaveService: Testplan (JMX) version: 2.2. Testlog (JTL) version: 2.2
2025-06-19 13:52:18,746 INFO o.a.j.s.SaveService: Using SaveService properties version 5.0
2025-06-19 13:52:18,748 INFO o.a.j.s.SaveService: Using SaveService properties file encoding UTF-8
2025-06-19 13:52:18,788 INFO o.a.j.e.StandardJMeterEngine: Running the test!
2025-06-19 13:52:18,789 INFO o.a.j.s.SampleEvent: List of sample_variables: []
2025-06-19 13:52:18,789 INFO o.a.j.s.SampleEvent: List of sample_variables: []
2025-06-19 13:52:18,790 INFO o.a.j.e.u.CompoundVariable: Note: Function class names must contain the string: '.functions.'
2025-06-19 13:52:18,790 INFO o.a.j.e.u.CompoundVariable: Note: Function class names must not contain the string: '.gui.'
2025-06-19 13:52:18,858 INFO o.a.j.g.u.JMeterMenuBar: setRunning(true, *local*)
2025-06-19 13:52:18,889 INFO o.a.j.e.StandardJMeterEngine: Starting ThreadGroup: 1 : Thread Group
2025-06-19 13:52:18,889 INFO o.a.j.e.StandardJMeterEngine: Starting 15 threads for group Thread Group.
2025-06-19 13:52:18,889 INFO o.a.j.e.StandardJMeterEngine: Thread will continue on error
2025-06-19 13:52:18,889 INFO o.a.j.t.ThreadGroup: Starting thread group... number=1 threads=15 ramp-up=1 delayedStart=false
2025-06-19 13:52:18,893 INFO o.a.j.t.JMeterThread: Thread started: Thread Group 1-1
2025-06-19 13:52:18,896 INFO o.a.j.t.ThreadGroup: Started thread group number 1
2025-06-19 13:52:18,898 INFO o.a.j.e.StandardJMeterEngine: All thread groups have been started
2025-06-19 13:52:18,910 INFO o.a.j.p.h.s.HTTPHCAbstractImpl: Local host = Aashish
2025-06-19 13:52:18,918 INFO o.a.j.p.h.s.HTTPHC4Impl: HTTP request retry count = 0
2025-06-19 13:52:18,959 INFO o.a.j.t.JMeterThread: Thread started: Thread Group 1-2
2025-06-19 13:52:19,024 INFO o.a.j.t.JMeterThread: Thread started: Thread Group 1-3
2025-06-19 13:52:19,092 INFO o.a.j.t.JMeterThread: Thread started: Thread Group 1-4
2025-06-19 13:52:19,158 INFO o.a.j.t.JMeterThread: Thread started: Thread Group 1-5
2025-06-19 13:52:19,175 INFO o.a.j.t.JMeterThread: Thread is done: Thread Group 1-3
2025-06-19 13:52:19,175 INFO o.a.j.t.JMeterThread: Thread is done: Thread Group 1-2
2025-06-19 13:52:19,175 INFO o.a.j.t.JMeterThread: Thread is done: Thread Group 1-4
2025-06-19 13:52:19,175 INFO o.a.j.t.JMeterThread: Thread finished: Thread Group 1-3
2025-06-19 13:52:19,175 INFO o.a.j.t.JMeterThread: Thread is done: Thread Group 1-1
2025-06-19 13:52:19,175 INFO o.a.j.t.JMeterThread: Thread finished: Thread Group 1-2
2025-06-19 13:52:19,175 INFO o.a.j.t.JMeterThread: Thread finished: Thread Group 1-1
2025-06-19 13:52:19,175 INFO o.a.j.t.JMeterThread: Thread finished: Thread Group 1-4
2025-06-19 13:52:19,187 INFO o.a.j.t.JMeterThread: Thread is done: Thread Group 1-5
2025-06-19 13:52:19,187 INFO o.a.j.t.JMeterThread: Thread finished: Thread Group 1-5
2025-06-19 13:52:19,226 INFO o.a.j.t.JMeterThread: Thread started: Thread Group 1-6
2025-06-19 13:52:19,248 INFO o.a.j.t.JMeterThread: Thread is done: Thread Group 1-6
2025-06-19 13:52:19,248 INFO o.a.j.t.JMeterThread: Thread finished: Thread Group 1-6
2025-06-19 13:52:19,292 INFO o.a.j.t.JMeterThread: Thread started: Thread Group 1-7
2025-06-19 13:52:19,316 INFO o.a.j.t.JMeterThread: Thread is done: Thread Group 1-7
2025-06-19 13:52:19,316 INFO o.a.j.t.JMeterThread: Thread finished: Thread Group 1-7
2025-06-19 13:52:19,359 INFO o.a.j.t.JMeterThread: Thread started: Thread Group 1-8
2025-06-19 13:52:19,384 INFO o.a.j.t.JMeterThread: Thread is done: Thread Group 1-8
2025-06-19 13:52:19,385 INFO o.a.j.t.JMeterThread: Thread finished: Thread Group 1-8
2025-06-19 13:52:19,427 INFO o.a.j.t.JMeterThread: Thread started: Thread Group 1-9
2025-06-19 13:52:19,450 INFO o.a.j.t.JMeterThread: Thread is done: Thread Group 1-9
2025-06-19 13:52:19,450 INFO o.a.j.t.JMeterThread: Thread finished: Thread Group 1-9
2025-06-19 13:52:19,495 INFO o.a.j.t.JMeterThread: Thread started: Thread Group 1-10
2025-06-19 13:52:19,519 INFO o.a.j.t.JMeterThread: Thread is done: Thread Group 1-10
2025-06-19 13:52:19,519 INFO o.a.j.t.JMeterThread: Thread finished: Thread Group 1-10
2025-06-19 13:52:19,562 INFO o.a.j.t.JMeterThread: Thread started: Thread Group 1-11
2025-06-19 13:52:19,587 INFO o.a.j.t.JMeterThread: Thread is done: Thread Group 1-11
2025-06-19 13:52:19,587 INFO o.a.j.t.JMeterThread: Thread finished: Thread Group 1-11
2025-06-19 13:52:19,628 INFO o.a.j.t.JMeterThread: Thread started: Thread Group 1-12
2025-06-19 13:52:19,653 INFO o.a.j.t.JMeterThread: Thread is done: Thread Group 1-12
2025-06-19 13:52:19,653 INFO o.a.j.t.JMeterThread: Thread finished: Thread Group 1-12
2025-06-19 13:52:19,695 INFO o.a.j.t.JMeterThread: Thread started: Thread Group 1-13
2025-06-19 13:52:19,720 INFO o.a.j.t.JMeterThread: Thread is done: Thread Group 1-13
2025-06-19 13:52:19,720 INFO o.a.j.t.JMeterThread: Thread finished: Thread Group 1-13
2025-06-19 13:52:19,763 INFO o.a.j.t.JMeterThread: Thread started: Thread Group 1-14
2025-06-19 13:52:19,789 INFO o.a.j.t.JMeterThread: Thread is done: Thread Group 1-14
2025-06-19 13:52:19,789 INFO o.a.j.t.JMeterThread: Thread finished: Thread Group 1-14
2025-06-19 13:52:19,830 INFO o.a.j.t.JMeterThread: Thread started: Thread Group 1-15
2025-06-19 13:52:19,852 INFO o.a.j.t.JMeterThread: Thread is done: Thread Group 1-15
2025-06-19 13:52:19,852 INFO o.a.j.t.JMeterThread: Thread finished: Thread Group 1-15
2025-06-19 13:52:19,854 INFO o.a.j.e.StandardJMeterEngine: Notifying test listeners of end of test
2025-06-19 13:52:19,854 INFO o.a.j.g.u.JMeterMenuBar: setRunning(false, *local*)
2025-06-19 13:59:38,301 INFO o.a.j.e.StandardJMeterEngine: Running the test!
2025-06-19 13:59:38,302 INFO o.a.j.s.SampleEvent: List of sample_variables: []
2025-06-19 13:59:38,302 INFO o.a.j.g.u.JMeterMenuBar: setRunning(true, *local*)
2025-06-19 13:59:38,346 INFO o.a.j.e.StandardJMeterEngine: Starting ThreadGroup: 1 : Thread Group
2025-06-19 13:59:38,347 INFO o.a.j.e.StandardJMeterEngine: Starting 15 threads for group Thread Group.
2025-06-19 13:59:38,347 INFO o.a.j.e.StandardJMeterEngine: Thread will continue on error
2025-06-19 13:59:38,347 INFO o.a.j.t.ThreadGroup: Starting thread group... number=1 threads=15 ramp-up=1 delayedStart=false
2025-06-19 13:59:38,348 INFO o.a.j.t.JMeterThread: Thread started: Thread Group 1-1
2025-06-19 13:59:38,350 INFO o.a.j.t.ThreadGroup: Started thread group number 1
2025-06-19 13:59:38,350 INFO o.a.j.e.StandardJMeterEngine: All thread groups have been started
2025-06-19 13:59:38,389 INFO o.a.j.t.JMeterThread: Thread is done: Thread Group 1-1
2025-06-19 13:59:38,389 INFO o.a.j.t.JMeterThread: Thread finished: Thread Group 1-1
2025-06-19 13:59:38,416 INFO o.a.j.t.JMeterThread: Thread started: Thread Group 1-2
2025-06-19 13:59:38,452 INFO o.a.j.t.JMeterThread: Thread is done: Thread Group 1-2
2025-06-19 13:59:38,453 INFO o.a.j.t.JMeterThread: Thread finished: Thread Group 1-2
2025-06-19 13:59:38,482 INFO o.a.j.t.JMeterThread: Thread started: Thread Group 1-3
2025-06-19 13:59:38,490 INFO o.a.j.t.JMeterThread: Thread is done: Thread Group 1-3
2025-06-19 13:59:38,491 INFO o.a.j.t.JMeterThread: Thread finished: Thread Group 1-3
2025-06-19 13:59:38,551 INFO o.a.j.t.JMeterThread: Thread started: Thread Group 1-4
2025-06-19 13:59:38,560 INFO o.a.j.t.JMeterThread: Thread is done: Thread Group 1-4
2025-06-19 13:59:38,561 INFO o.a.j.t.JMeterThread: Thread finished: Thread Group 1-4
2025-06-19 13:59:38,618 INFO o.a.j.t.JMeterThread: Thread started: Thread Group 1-5
2025-06-19 13:59:38,627 INFO o.a.j.t.JMeterThread: Thread is done: Thread Group 1-5
2025-06-19 13:59:38,627 INFO o.a.j.t.JMeterThread: Thread finished: Thread Group 1-5
2025-06-19 13:59:38,685 INFO o.a.j.t.JMeterThread: Thread started: Thread Group 1-6
2025-06-19 13:59:38,694 INFO o.a.j.t.JMeterThread: Thread is done: Thread Group 1-6
2025-06-19 13:59:38,694 INFO o.a.j.t.JMeterThread: Thread finished: Thread Group 1-6
2025-06-19 13:59:38,751 INFO o.a.j.t.JMeterThread: Thread started: Thread Group 1-7
2025-06-19 13:59:38,760 INFO o.a.j.t.JMeterThread: Thread is done: Thread Group 1-7
2025-06-19 13:59:38,761 INFO o.a.j.t.JMeterThread: Thread finished: Thread Group 1-7
2025-06-19 13:59:38,818 INFO o.a.j.t.JMeterThread: Thread started: Thread Group 1-8
2025-06-19 13:59:38,827 INFO o.a.j.t.JMeterThread: Thread is done: Thread Group 1-8
2025-06-19 13:59:38,828 INFO o.a.j.t.JMeterThread: Thread finished: Thread Group 1-8
2025-06-19 13:59:38,885 INFO o.a.j.t.JMeterThread: Thread started: Thread Group 1-9
2025-06-19 13:59:38,893 INFO o.a.j.t.JMeterThread: Thread is done: Thread Group 1-9
2025-06-19 13:59:38,893 INFO o.a.j.t.JMeterThread: Thread finished: Thread Group 1-9
2025-06-19 13:59:38,953 INFO o.a.j.t.JMeterThread: Thread started: Thread Group 1-10
2025-06-19 13:59:38,961 INFO o.a.j.t.JMeterThread: Thread is done: Thread Group 1-10
2025-06-19 13:59:38,961 INFO o.a.j.t.JMeterThread: Thread finished: Thread Group 1-10
2025-06-19 13:59:39,018 INFO o.a.j.t.JMeterThread: Thread started: Thread Group 1-11
2025-06-19 13:59:39,025 INFO o.a.j.t.JMeterThread: Thread is done: Thread Group 1-11
2025-06-19 13:59:39,025 INFO o.a.j.t.JMeterThread: Thread finished: Thread Group 1-11
2025-06-19 13:59:39,085 INFO o.a.j.t.JMeterThread: Thread started: Thread Group 1-12
2025-06-19 13:59:39,092 INFO o.a.j.t.JMeterThread: Thread is done: Thread Group 1-12
2025-06-19 13:59:39,093 INFO o.a.j.t.JMeterThread: Thread finished: Thread Group 1-12
2025-06-19 13:59:39,153 INFO o.a.j.t.JMeterThread: Thread started: Thread Group 1-13
2025-06-19 13:59:39,162 INFO o.a.j.t.JMeterThread: Thread is done: Thread Group 1-13
2025-06-19 13:59:39,162 INFO o.a.j.t.JMeterThread: Thread finished: Thread Group 1-13
2025-06-19 13:59:39,219 INFO o.a.j.t.JMeterThread: Thread started: Thread Group 1-14
2025-06-19 13:59:39,228 INFO o.a.j.t.JMeterThread: Thread is done: Thread Group 1-14
2025-06-19 13:59:39,228 INFO o.a.j.t.JMeterThread: Thread finished: Thread Group 1-14
2025-06-19 13:59:39,286 INFO o.a.j.t.JMeterThread: Thread started: Thread Group 1-15
2025-06-19 13:59:39,293 INFO o.a.j.t.JMeterThread: Thread is done: Thread Group 1-15
2025-06-19 13:59:39,295 INFO o.a.j.t.JMeterThread: Thread finished: Thread Group 1-15
2025-06-19 13:59:39,295 INFO o.a.j.e.StandardJMeterEngine: Notifying test listeners of end of test
2025-06-19 13:59:39,295 INFO o.a.j.g.u.JMeterMenuBar: setRunning(false, *local*)
2025-06-19 14:00:14,208 INFO o.a.j.e.StandardJMeterEngine: Running the test!
2025-06-19 14:00:14,208 INFO o.a.j.s.SampleEvent: List of sample_variables: []
2025-06-19 14:00:14,209 INFO o.a.j.g.u.JMeterMenuBar: setRunning(true, *local*)
2025-06-19 14:00:14,244 INFO o.a.j.e.StandardJMeterEngine: Starting ThreadGroup: 1 : Thread Group
2025-06-19 14:00:14,244 INFO o.a.j.e.StandardJMeterEngine: Starting 15 threads for group Thread Group.
2025-06-19 14:00:14,244 INFO o.a.j.e.StandardJMeterEngine: Thread will continue on error
2025-06-19 14:00:14,244 INFO o.a.j.t.ThreadGroup: Starting thread group... number=1 threads=15 ramp-up=1 delayedStart=false
2025-06-19 14:00:14,246 INFO o.a.j.t.JMeterThread: Thread started: Thread Group 1-1
2025-06-19 14:00:14,248 INFO o.a.j.t.ThreadGroup: Started thread group number 1
2025-06-19 14:00:14,248 INFO o.a.j.e.StandardJMeterEngine: All thread groups have been started
2025-06-19 14:00:14,285 INFO o.a.j.t.JMeterThread: Thread is done: Thread Group 1-1
2025-06-19 14:00:14,285 INFO o.a.j.t.JMeterThread: Thread finished: Thread Group 1-1
2025-06-19 14:00:14,313 INFO o.a.j.t.JMeterThread: Thread started: Thread Group 1-2
2025-06-19 14:00:14,342 INFO o.a.j.t.JMeterThread: Thread is done: Thread Group 1-2
2025-06-19 14:00:14,342 INFO o.a.j.t.JMeterThread: Thread finished: Thread Group 1-2
2025-06-19 14:00:14,379 INFO o.a.j.t.JMeterThread: Thread started: Thread Group 1-3
2025-06-19 14:00:14,388 INFO o.a.j.t.JMeterThread: Thread is done: Thread Group 1-3
2025-06-19 14:00:14,388 INFO o.a.j.t.JMeterThread: Thread finished: Thread Group 1-3
2025-06-19 14:00:14,447 INFO o.a.j.t.JMeterThread: Thread started: Thread Group 1-4
2025-06-19 14:00:14,456 INFO o.a.j.t.JMeterThread: Thread is done: Thread Group 1-4
2025-06-19 14:00:14,456 INFO o.a.j.t.JMeterThread: Thread finished: Thread Group 1-4
2025-06-19 14:00:14,513 INFO o.a.j.t.JMeterThread: Thread started: Thread Group 1-5
2025-06-19 14:00:14,522 INFO o.a.j.t.JMeterThread: Thread is done: Thread Group 1-5
2025-06-19 14:00:14,522 INFO o.a.j.t.JMeterThread: Thread finished: Thread Group 1-5
2025-06-19 14:00:14,580 INFO o.a.j.t.JMeterThread: Thread started: Thread Group 1-6
2025-06-19 14:00:14,589 INFO o.a.j.t.JMeterThread: Thread is done: Thread Group 1-6
2025-06-19 14:00:14,589 INFO o.a.j.t.JMeterThread: Thread finished: Thread Group 1-6
2025-06-19 14:00:14,647 INFO o.a.j.t.JMeterThread: Thread started: Thread Group 1-7
2025-06-19 14:00:14,655 INFO o.a.j.t.JMeterThread: Thread is done: Thread Group 1-7
2025-06-19 14:00:14,655 INFO o.a.j.t.JMeterThread: Thread finished: Thread Group 1-7
2025-06-19 14:00:14,714 INFO o.a.j.t.JMeterThread: Thread started: Thread Group 1-8
2025-06-19 14:00:14,722 INFO o.a.j.t.JMeterThread: Thread is done: Thread Group 1-8
2025-06-19 14:00:14,723 INFO o.a.j.t.JMeterThread: Thread finished: Thread Group 1-8
2025-06-19 14:00:14,782 INFO o.a.j.t.JMeterThread: Thread started: Thread Group 1-9
2025-06-19 14:00:14,790 INFO o.a.j.t.JMeterThread: Thread is done: Thread Group 1-9
2025-06-19 14:00:14,790 INFO o.a.j.t.JMeterThread: Thread finished: Thread Group 1-9
2025-06-19 14:00:14,848 INFO o.a.j.t.JMeterThread: Thread started: Thread Group 1-10
2025-06-19 14:00:14,856 INFO o.a.j.t.JMeterThread: Thread is done: Thread Group 1-10
2025-06-19 14:00:14,856 INFO o.a.j.t.JMeterThread: Thread finished: Thread Group 1-10
2025-06-19 14:00:14,915 INFO o.a.j.t.JMeterThread: Thread started: Thread Group 1-11
2025-06-19 14:00:14,924 INFO o.a.j.t.JMeterThread: Thread is done: Thread Group 1-11
2025-06-19 14:00:14,924 INFO o.a.j.t.JMeterThread: Thread finished: Thread Group 1-11
2025-06-19 14:00:14,984 INFO o.a.j.t.JMeterThread: Thread started: Thread Group 1-12
2025-06-19 14:00:14,990 INFO o.a.j.t.JMeterThread: Thread is done: Thread Group 1-12
2025-06-19 14:00:14,992 INFO o.a.j.t.JMeterThread: Thread finished: Thread Group 1-12
2025-06-19 14:00:15,049 INFO o.a.j.t.JMeterThread: Thread started: Thread Group 1-13
2025-06-19 14:00:15,057 INFO o.a.j.t.JMeterThread: Thread is done: Thread Group 1-13
2025-06-19 14:00:15,057 INFO o.a.j.t.JMeterThread: Thread finished: Thread Group 1-13
2025-06-19 14:00:15,116 INFO o.a.j.t.JMeterThread: Thread started: Thread Group 1-14
2025-06-19 14:00:15,123 INFO o.a.j.t.JMeterThread: Thread is done: Thread Group 1-14
2025-06-19 14:00:15,124 INFO o.a.j.t.JMeterThread: Thread finished: Thread Group 1-14
2025-06-19 14:00:15,183 INFO o.a.j.t.JMeterThread: Thread started: Thread Group 1-15
2025-06-19 14:00:15,190 INFO o.a.j.t.JMeterThread: Thread is done: Thread Group 1-15
2025-06-19 14:00:15,190 INFO o.a.j.t.JMeterThread: Thread finished: Thread Group 1-15
2025-06-19 14:00:15,190 INFO o.a.j.e.StandardJMeterEngine: Notifying test listeners of end of test
2025-06-19 14:00:15,191 INFO o.a.j.g.u.JMeterMenuBar: setRunning(false, *local*)
2025-06-19 14:02:08,746 INFO o.a.j.e.StandardJMeterEngine: Running the test!
2025-06-19 14:02:08,746 INFO o.a.j.s.SampleEvent: List of sample_variables: []
2025-06-19 14:02:08,746 INFO o.a.j.g.u.JMeterMenuBar: setRunning(true, *local*)
2025-06-19 14:02:08,769 INFO o.a.j.e.StandardJMeterEngine: Starting ThreadGroup: 1 : Thread Group
2025-06-19 14:02:08,770 INFO o.a.j.e.StandardJMeterEngine: Starting 15 threads for group Thread Group.
2025-06-19 14:02:08,770 INFO o.a.j.e.StandardJMeterEngine: Thread will continue on error
2025-06-19 14:02:08,770 INFO o.a.j.t.ThreadGroup: Starting thread group... number=1 threads=15 ramp-up=1 delayedStart=false
2025-06-19 14:02:08,771 INFO o.a.j.t.JMeterThread: Thread started: Thread Group 1-1
2025-06-19 14:02:08,773 INFO o.a.j.t.ThreadGroup: Started thread group number 1
2025-06-19 14:02:08,773 INFO o.a.j.e.StandardJMeterEngine: All thread groups have been started
2025-06-19 14:02:08,799 INFO o.a.j.t.JMeterThread: Thread is done: Thread Group 1-1
2025-06-19 14:02:08,799 INFO o.a.j.t.JMeterThread: Thread finished: Thread Group 1-1
2025-06-19 14:02:08,837 INFO o.a.j.t.JMeterThread: Thread started: Thread Group 1-2
2025-06-19 14:02:08,860 INFO o.a.j.t.JMeterThread: Thread is done: Thread Group 1-2
2025-06-19 14:02:08,860 INFO o.a.j.t.JMeterThread: Thread finished: Thread Group 1-2
2025-06-19 14:02:08,905 INFO o.a.j.t.JMeterThread: Thread started: Thread Group 1-3
2025-06-19 14:02:08,911 INFO o.a.j.t.JMeterThread: Thread is done: Thread Group 1-3
2025-06-19 14:02:08,911 INFO o.a.j.t.JMeterThread: Thread finished: Thread Group 1-3
2025-06-19 14:02:08,973 INFO o.a.j.t.JMeterThread: Thread started: Thread Group 1-4
2025-06-19 14:02:08,979 INFO o.a.j.t.JMeterThread: Thread is done: Thread Group 1-4
2025-06-19 14:02:08,979 INFO o.a.j.t.JMeterThread: Thread finished: Thread Group 1-4
2025-06-19 14:02:09,040 INFO o.a.j.t.JMeterThread: Thread started: Thread Group 1-5
2025-06-19 14:02:09,046 INFO o.a.j.t.JMeterThread: Thread is done: Thread Group 1-5
2025-06-19 14:02:09,046 INFO o.a.j.t.JMeterThread: Thread finished: Thread Group 1-5
2025-06-19 14:02:09,106 INFO o.a.j.t.JMeterThread: Thread started: Thread Group 1-6
2025-06-19 14:02:09,112 INFO o.a.j.t.JMeterThread: Thread is done: Thread Group 1-6
2025-06-19 14:02:09,112 INFO o.a.j.t.JMeterThread: Thread finished: Thread Group 1-6
2025-06-19 14:02:09,173 INFO o.a.j.t.JMeterThread: Thread started: Thread Group 1-7
2025-06-19 14:02:09,178 INFO o.a.j.t.JMeterThread: Thread is done: Thread Group 1-7
2025-06-19 14:02:09,179 INFO o.a.j.t.JMeterThread: Thread finished: Thread Group 1-7
2025-06-19 14:02:09,240 INFO o.a.j.t.JMeterThread: Thread started: Thread Group 1-8
2025-06-19 14:02:09,246 INFO o.a.j.t.JMeterThread: Thread is done: Thread Group 1-8
2025-06-19 14:02:09,246 INFO o.a.j.t.JMeterThread: Thread finished: Thread Group 1-8
2025-06-19 14:02:09,308 INFO o.a.j.t.JMeterThread: Thread started: Thread Group 1-9
2025-06-19 14:02:09,314 INFO o.a.j.t.JMeterThread: Thread is done: Thread Group 1-9
2025-06-19 14:02:09,314 INFO o.a.j.t.JMeterThread: Thread finished: Thread Group 1-9
2025-06-19 14:02:09,375 INFO o.a.j.t.JMeterThread: Thread started: Thread Group 1-10
2025-06-19 14:02:09,383 INFO o.a.j.t.JMeterThread: Thread is done: Thread Group 1-10
2025-06-19 14:02:09,384 INFO o.a.j.t.JMeterThread: Thread finished: Thread Group 1-10
2025-06-19 14:02:09,442 INFO o.a.j.t.JMeterThread: Thread started: Thread Group 1-11
2025-06-19 14:02:09,450 INFO o.a.j.t.JMeterThread: Thread is done: Thread Group 1-11
2025-06-19 14:02:09,450 INFO o.a.j.t.JMeterThread: Thread finished: Thread Group 1-11
2025-06-19 14:02:09,508 INFO o.a.j.t.JMeterThread: Thread started: Thread Group 1-12
2025-06-19 14:02:09,516 INFO o.a.j.t.JMeterThread: Thread is done: Thread Group 1-12
2025-06-19 14:02:09,516 INFO o.a.j.t.JMeterThread: Thread finished: Thread Group 1-12
2025-06-19 14:02:09,575 INFO o.a.j.t.JMeterThread: Thread started: Thread Group 1-13
2025-06-19 14:02:09,584 INFO o.a.j.t.JMeterThread: Thread is done: Thread Group 1-13
2025-06-19 14:02:09,584 INFO o.a.j.t.JMeterThread: Thread finished: Thread Group 1-13
2025-06-19 14:02:09,642 INFO o.a.j.t.JMeterThread: Thread started: Thread Group 1-14
2025-06-19 14:02:09,650 INFO o.a.j.t.JMeterThread: Thread is done: Thread Group 1-14
2025-06-19 14:02:09,650 INFO o.a.j.t.JMeterThread: Thread finished: Thread Group 1-14
2025-06-19 14:02:09,709 INFO o.a.j.t.JMeterThread: Thread started: Thread Group 1-15
2025-06-19 14:02:09,716 INFO o.a.j.t.JMeterThread: Thread is done: Thread Group 1-15
2025-06-19 14:02:09,717 INFO o.a.j.t.JMeterThread: Thread finished: Thread Group 1-15
2025-06-19 14:02:09,717 INFO o.a.j.e.StandardJMeterEngine: Notifying test listeners of end of test
2025-06-19 14:02:09,717 INFO o.a.j.g.u.JMeterMenuBar: setRunning(false, *local*)
2025-06-19 14:03:54,134 INFO o.a.j.e.StandardJMeterEngine: Running the test!
2025-06-19 14:03:54,135 INFO o.a.j.s.SampleEvent: List of sample_variables: []
2025-06-19 14:03:54,135 INFO o.a.j.g.u.JMeterMenuBar: setRunning(true, *local*)
2025-06-19 14:03:54,162 INFO o.a.j.e.StandardJMeterEngine: Starting ThreadGroup: 1 : Thread Group
2025-06-19 14:03:54,163 INFO o.a.j.e.StandardJMeterEngine: Starting 15 threads for group Thread Group.
2025-06-19 14:03:54,163 INFO o.a.j.e.StandardJMeterEngine: Thread will continue on error
2025-06-19 14:03:54,163 INFO o.a.j.t.ThreadGroup: Starting thread group... number=1 threads=15 ramp-up=1 delayedStart=false
2025-06-19 14:03:54,164 INFO o.a.j.t.JMeterThread: Thread started: Thread Group 1-1
2025-06-19 14:03:54,166 INFO o.a.j.t.ThreadGroup: Started thread group number 1
2025-06-19 14:03:54,166 INFO o.a.j.e.StandardJMeterEngine: All thread groups have been started
2025-06-19 14:03:54,206 INFO o.a.j.t.JMeterThread: Thread is done: Thread Group 1-1
2025-06-19 14:03:54,206 INFO o.a.j.t.JMeterThread: Thread finished: Thread Group 1-1
2025-06-19 14:03:54,232 INFO o.a.j.t.JMeterThread: Thread started: Thread Group 1-2
2025-06-19 14:03:54,264 INFO o.a.j.t.JMeterThread: Thread is done: Thread Group 1-2
2025-06-19 14:03:54,264 INFO o.a.j.t.JMeterThread: Thread finished: Thread Group 1-2
2025-06-19 14:03:54,299 INFO o.a.j.t.JMeterThread: Thread started: Thread Group 1-3
2025-06-19 14:03:54,306 INFO o.a.j.t.JMeterThread: Thread is done: Thread Group 1-3
2025-06-19 14:03:54,306 INFO o.a.j.t.JMeterThread: Thread finished: Thread Group 1-3
2025-06-19 14:03:54,366 INFO o.a.j.t.JMeterThread: Thread started: Thread Group 1-4
2025-06-19 14:03:54,374 INFO o.a.j.t.JMeterThread: Thread is done: Thread Group 1-4
2025-06-19 14:03:54,374 INFO o.a.j.t.JMeterThread: Thread finished: Thread Group 1-4
2025-06-19 14:03:54,433 INFO o.a.j.t.JMeterThread: Thread started: Thread Group 1-5
2025-06-19 14:03:54,441 INFO o.a.j.t.JMeterThread: Thread is done: Thread Group 1-5
2025-06-19 14:03:54,441 INFO o.a.j.t.JMeterThread: Thread finished: Thread Group 1-5
2025-06-19 14:03:54,500 INFO o.a.j.t.JMeterThread: Thread started: Thread Group 1-6
2025-06-19 14:03:54,508 INFO o.a.j.t.JMeterThread: Thread is done: Thread Group 1-6
2025-06-19 14:03:54,508 INFO o.a.j.t.JMeterThread: Thread finished: Thread Group 1-6
2025-06-19 14:03:54,567 INFO o.a.j.t.JMeterThread: Thread started: Thread Group 1-7
2025-06-19 14:03:54,574 INFO o.a.j.t.JMeterThread: Thread is done: Thread Group 1-7
2025-06-19 14:03:54,575 INFO o.a.j.t.JMeterThread: Thread finished: Thread Group 1-7
2025-06-19 14:03:54,634 INFO o.a.j.t.JMeterThread: Thread started: Thread Group 1-8
2025-06-19 14:03:54,641 INFO o.a.j.t.JMeterThread: Thread is done: Thread Group 1-8
2025-06-19 14:03:54,641 INFO o.a.j.t.JMeterThread: Thread finished: Thread Group 1-8
2025-06-19 14:03:54,700 INFO o.a.j.t.JMeterThread: Thread started: Thread Group 1-9
2025-06-19 14:03:54,708 INFO o.a.j.t.JMeterThread: Thread is done: Thread Group 1-9
2025-06-19 14:03:54,708 INFO o.a.j.t.JMeterThread: Thread finished: Thread Group 1-9
2025-06-19 14:03:54,767 INFO o.a.j.t.JMeterThread: Thread started: Thread Group 1-10
2025-06-19 14:03:54,775 INFO o.a.j.t.JMeterThread: Thread is done: Thread Group 1-10
2025-06-19 14:03:54,776 INFO o.a.j.t.JMeterThread: Thread finished: Thread Group 1-10
2025-06-19 14:03:54,836 INFO o.a.j.t.JMeterThread: Thread started: Thread Group 1-11
2025-06-19 14:03:54,844 INFO o.a.j.t.JMeterThread: Thread is done: Thread Group 1-11
2025-06-19 14:03:54,844 INFO o.a.j.t.JMeterThread: Thread finished: Thread Group 1-11
2025-06-19 14:03:54,903 INFO o.a.j.t.JMeterThread: Thread started: Thread Group 1-12
2025-06-19 14:03:54,911 INFO o.a.j.t.JMeterThread: Thread is done: Thread Group 1-12
2025-06-19 14:03:54,911 INFO o.a.j.t.JMeterThread: Thread finished: Thread Group 1-12
2025-06-19 14:03:54,969 INFO o.a.j.t.JMeterThread: Thread started: Thread Group 1-13
2025-06-19 14:03:54,978 INFO o.a.j.t.JMeterThread: Thread is done: Thread Group 1-13
2025-06-19 14:03:54,978 INFO o.a.j.t.JMeterThread: Thread finished: Thread Group 1-13
2025-06-19 14:03:55,036 INFO o.a.j.t.JMeterThread: Thread started: Thread Group 1-14
2025-06-19 14:03:55,043 INFO o.a.j.t.JMeterThread: Thread is done: Thread Group 1-14
2025-06-19 14:03:55,044 INFO o.a.j.t.JMeterThread: Thread finished: Thread Group 1-14
2025-06-19 14:03:55,103 INFO o.a.j.t.JMeterThread: Thread started: Thread Group 1-15
2025-06-19 14:03:55,110 INFO o.a.j.t.JMeterThread: Thread is done: Thread Group 1-15
2025-06-19 14:03:55,110 INFO o.a.j.t.JMeterThread: Thread finished: Thread Group 1-15
2025-06-19 14:03:55,111 INFO o.a.j.e.StandardJMeterEngine: Notifying test listeners of end of test
2025-06-19 14:03:55,111 INFO o.a.j.g.u.JMeterMenuBar: setRunning(false, *local*)
2025-06-19 14:05:10,974 INFO o.a.j.e.StandardJMeterEngine: Running the test!
2025-06-19 14:05:10,975 INFO o.a.j.s.SampleEvent: List of sample_variables: []
2025-06-19 14:05:10,975 INFO o.a.j.g.u.JMeterMenuBar: setRunning(true, *local*)
2025-06-19 14:05:11,004 INFO o.a.j.e.StandardJMeterEngine: Starting ThreadGroup: 1 : Thread Group
2025-06-19 14:05:11,005 INFO o.a.j.e.StandardJMeterEngine: Starting 15 threads for group Thread Group.
2025-06-19 14:05:11,005 INFO o.a.j.e.StandardJMeterEngine: Thread will continue on error
2025-06-19 14:05:11,005 INFO o.a.j.t.ThreadGroup: Starting thread group... number=1 threads=15 ramp-up=1 delayedStart=false
2025-06-19 14:05:11,007 INFO o.a.j.t.JMeterThread: Thread started: Thread Group 1-1
2025-06-19 14:05:11,009 INFO o.a.j.t.ThreadGroup: Started thread group number 1
2025-06-19 14:05:11,009 INFO o.a.j.e.StandardJMeterEngine: All thread groups have been started
2025-06-19 14:05:11,025 INFO o.a.j.t.JMeterThread: Thread is done: Thread Group 1-1
2025-06-19 14:05:11,025 INFO o.a.j.t.JMeterThread: Thread finished: Thread Group 1-1
2025-06-19 14:05:11,074 INFO o.a.j.t.JMeterThread: Thread started: Thread Group 1-2
2025-06-19 14:05:11,089 INFO o.a.j.t.JMeterThread: Thread is done: Thread Group 1-2
2025-06-19 14:05:11,089 INFO o.a.j.t.JMeterThread: Thread finished: Thread Group 1-2
2025-06-19 14:05:11,141 INFO o.a.j.t.JMeterThread: Thread started: Thread Group 1-3
2025-06-19 14:05:11,148 INFO o.a.j.t.JMeterThread: Thread is done: Thread Group 1-3
2025-06-19 14:05:11,148 INFO o.a.j.t.JMeterThread: Thread finished: Thread Group 1-3
2025-06-19 14:05:11,208 INFO o.a.j.t.JMeterThread: Thread started: Thread Group 1-4
2025-06-19 14:05:11,215 INFO o.a.j.t.JMeterThread: Thread is done: Thread Group 1-4
2025-06-19 14:05:11,215 INFO o.a.j.t.JMeterThread: Thread finished: Thread Group 1-4
2025-06-19 14:05:11,274 INFO o.a.j.t.JMeterThread: Thread started: Thread Group 1-5
2025-06-19 14:05:11,280 INFO o.a.j.t.JMeterThread: Thread is done: Thread Group 1-5
2025-06-19 14:05:11,280 INFO o.a.j.t.JMeterThread: Thread finished: Thread Group 1-5
2025-06-19 14:05:11,343 INFO o.a.j.t.JMeterThread: Thread started: Thread Group 1-6
2025-06-19 14:05:11,349 INFO o.a.j.t.JMeterThread: Thread is done: Thread Group 1-6
2025-06-19 14:05:11,349 INFO o.a.j.t.JMeterThread: Thread finished: Thread Group 1-6
2025-06-19 14:05:11,409 INFO o.a.j.t.JMeterThread: Thread started: Thread Group 1-7
2025-06-19 14:05:11,416 INFO o.a.j.t.JMeterThread: Thread is done: Thread Group 1-7
2025-06-19 14:05:11,416 INFO o.a.j.t.JMeterThread: Thread finished: Thread Group 1-7
2025-06-19 14:05:11,476 INFO o.a.j.t.JMeterThread: Thread started: Thread Group 1-8
2025-06-19 14:05:11,483 INFO o.a.j.t.JMeterThread: Thread is done: Thread Group 1-8
2025-06-19 14:05:11,483 INFO o.a.j.t.JMeterThread: Thread finished: Thread Group 1-8
2025-06-19 14:05:11,543 INFO o.a.j.t.JMeterThread: Thread started: Thread Group 1-9
2025-06-19 14:05:11,550 INFO o.a.j.t.JMeterThread: Thread is done: Thread Group 1-9
2025-06-19 14:05:11,550 INFO o.a.j.t.JMeterThread: Thread finished: Thread Group 1-9
2025-06-19 14:05:11,610 INFO o.a.j.t.JMeterThread: Thread started: Thread Group 1-10
2025-06-19 14:05:11,626 INFO o.a.j.t.JMeterThread: Thread is done: Thread Group 1-10
2025-06-19 14:05:11,626 INFO o.a.j.t.JMeterThread: Thread finished: Thread Group 1-10
2025-06-19 14:05:11,677 INFO o.a.j.t.JMeterThread: Thread started: Thread Group 1-11
2025-06-19 14:05:11,691 INFO o.a.j.t.JMeterThread: Thread is done: Thread Group 1-11
2025-06-19 14:05:11,691 INFO o.a.j.t.JMeterThread: Thread finished: Thread Group 1-11
2025-06-19 14:05:11,744 INFO o.a.j.t.JMeterThread: Thread started: Thread Group 1-12
2025-06-19 14:05:11,752 INFO o.a.j.t.JMeterThread: Thread is done: Thread Group 1-12
2025-06-19 14:05:11,752 INFO o.a.j.t.JMeterThread: Thread finished: Thread Group 1-12
2025-06-19 14:05:11,811 INFO o.a.j.t.JMeterThread: Thread started: Thread Group 1-13
2025-06-19 14:05:11,819 INFO o.a.j.t.JMeterThread: Thread is done: Thread Group 1-13
2025-06-19 14:05:11,819 INFO o.a.j.t.JMeterThread: Thread finished: Thread Group 1-13
2025-06-19 14:05:11,877 INFO o.a.j.t.JMeterThread: Thread started: Thread Group 1-14
2025-06-19 14:05:11,884 INFO o.a.j.t.JMeterThread: Thread is done: Thread Group 1-14
2025-06-19 14:05:11,885 INFO o.a.j.t.JMeterThread: Thread finished: Thread Group 1-14
2025-06-19 14:05:11,946 INFO o.a.j.t.JMeterThread: Thread started: Thread Group 1-15
2025-06-19 14:05:11,954 INFO o.a.j.t.JMeterThread: Thread is done: Thread Group 1-15
2025-06-19 14:05:11,954 INFO o.a.j.t.JMeterThread: Thread finished: Thread Group 1-15
2025-06-19 14:05:11,954 INFO o.a.j.e.StandardJMeterEngine: Notifying test listeners of end of test
2025-06-19 14:05:11,954 INFO o.a.j.g.u.JMeterMenuBar: setRunning(false, *local*)
2025-06-19 14:07:48,945 INFO o.a.j.e.StandardJMeterEngine: Running the test!
2025-06-19 14:07:48,946 INFO o.a.j.s.SampleEvent: List of sample_variables: []
2025-06-19 14:07:48,946 INFO o.a.j.g.u.JMeterMenuBar: setRunning(true, *local*)
2025-06-19 14:07:48,975 INFO o.a.j.e.StandardJMeterEngine: Starting ThreadGroup: 1 : Thread Group
2025-06-19 14:07:48,975 INFO o.a.j.e.StandardJMeterEngine: Starting 15 threads for group Thread Group.
2025-06-19 14:07:48,975 INFO o.a.j.e.StandardJMeterEngine: Thread will continue on error
2025-06-19 14:07:48,975 INFO o.a.j.t.ThreadGroup: Starting thread group... number=1 threads=15 ramp-up=1 delayedStart=false
2025-06-19 14:07:48,976 INFO o.a.j.t.JMeterThread: Thread started: Thread Group 1-1
2025-06-19 14:07:48,978 INFO o.a.j.t.ThreadGroup: Started thread group number 1
2025-06-19 14:07:48,978 INFO o.a.j.e.StandardJMeterEngine: All thread groups have been started
2025-06-19 14:07:49,045 INFO o.a.j.t.JMeterThread: Thread started: Thread Group 1-2
2025-06-19 14:07:49,113 INFO o.a.j.t.JMeterThread: Thread started: Thread Group 1-3
2025-06-19 14:07:49,123 INFO o.a.j.t.JMeterThread: Thread is done: Thread Group 1-3
2025-06-19 14:07:49,123 INFO o.a.j.t.JMeterThread: Thread finished: Thread Group 1-3
2025-06-19 14:07:49,178 INFO o.a.j.t.JMeterThread: Thread started: Thread Group 1-4
2025-06-19 14:07:49,187 INFO o.a.j.t.JMeterThread: Thread is done: Thread Group 1-4
2025-06-19 14:07:49,189 INFO o.a.j.t.JMeterThread: Thread finished: Thread Group 1-4
2025-06-19 14:07:49,246 INFO o.a.j.t.JMeterThread: Thread started: Thread Group 1-5
2025-06-19 14:07:49,254 INFO o.a.j.t.JMeterThread: Thread is done: Thread Group 1-5
2025-06-19 14:07:49,254 INFO o.a.j.t.JMeterThread: Thread finished: Thread Group 1-5
2025-06-19 14:07:49,313 INFO o.a.j.t.JMeterThread: Thread started: Thread Group 1-6
2025-06-19 14:07:49,313 INFO o.a.j.t.JMeterThread: Thread is done: Thread Group 1-1
2025-06-19 14:07:49,313 INFO o.a.j.t.JMeterThread: Thread is done: Thread Group 1-2
2025-06-19 14:07:49,313 INFO o.a.j.t.JMeterThread: Thread finished: Thread Group 1-1
2025-06-19 14:07:49,313 INFO o.a.j.t.JMeterThread: Thread finished: Thread Group 1-2
2025-06-19 14:07:49,321 INFO o.a.j.t.JMeterThread: Thread is done: Thread Group 1-6
2025-06-19 14:07:49,321 INFO o.a.j.t.JMeterThread: Thread finished: Thread Group 1-6
2025-06-19 14:07:49,378 INFO o.a.j.t.JMeterThread: Thread started: Thread Group 1-7
2025-06-19 14:07:49,387 INFO o.a.j.t.JMeterThread: Thread is done: Thread Group 1-7
2025-06-19 14:07:49,388 INFO o.a.j.t.JMeterThread: Thread finished: Thread Group 1-7
2025-06-19 14:07:49,446 INFO o.a.j.t.JMeterThread: Thread started: Thread Group 1-8
2025-06-19 14:07:49,455 INFO o.a.j.t.JMeterThread: Thread is done: Thread Group 1-8
2025-06-19 14:07:49,455 INFO o.a.j.t.JMeterThread: Thread finished: Thread Group 1-8
2025-06-19 14:07:49,514 INFO o.a.j.t.JMeterThread: Thread started: Thread Group 1-9
2025-06-19 14:07:49,521 INFO o.a.j.t.JMeterThread: Thread is done: Thread Group 1-9
2025-06-19 14:07:49,521 INFO o.a.j.t.JMeterThread: Thread finished: Thread Group 1-9
2025-06-19 14:07:49,582 INFO o.a.j.t.JMeterThread: Thread started: Thread Group 1-10
2025-06-19 14:07:49,589 INFO o.a.j.t.JMeterThread: Thread is done: Thread Group 1-10
2025-06-19 14:07:49,589 INFO o.a.j.t.JMeterThread: Thread finished: Thread Group 1-10
2025-06-19 14:07:49,649 INFO o.a.j.t.JMeterThread: Thread started: Thread Group 1-11
2025-06-19 14:07:49,655 INFO o.a.j.t.JMeterThread: Thread is done: Thread Group 1-11
2025-06-19 14:07:49,655 INFO o.a.j.t.JMeterThread: Thread finished: Thread Group 1-11
2025-06-19 14:07:49,714 INFO o.a.j.t.JMeterThread: Thread started: Thread Group 1-12
2025-06-19 14:07:49,721 INFO o.a.j.t.JMeterThread: Thread is done: Thread Group 1-12
2025-06-19 14:07:49,722 INFO o.a.j.t.JMeterThread: Thread finished: Thread Group 1-12
2025-06-19 14:07:49,781 INFO o.a.j.t.JMeterThread: Thread started: Thread Group 1-13
2025-06-19 14:07:49,788 INFO o.a.j.t.JMeterThread: Thread is done: Thread Group 1-13
2025-06-19 14:07:49,788 INFO o.a.j.t.JMeterThread: Thread finished: Thread Group 1-13
2025-06-19 14:07:49,850 INFO o.a.j.t.JMeterThread: Thread started: Thread Group 1-14
2025-06-19 14:07:49,857 INFO o.a.j.t.JMeterThread: Thread is done: Thread Group 1-14
2025-06-19 14:07:49,857 INFO o.a.j.t.JMeterThread: Thread finished: Thread Group 1-14
2025-06-19 14:07:49,915 INFO o.a.j.t.JMeterThread: Thread started: Thread Group 1-15
2025-06-19 14:07:49,922 INFO o.a.j.t.JMeterThread: Thread is done: Thread Group 1-15
2025-06-19 14:07:49,922 INFO o.a.j.t.JMeterThread: Thread finished: Thread Group 1-15
2025-06-19 14:07:49,923 INFO o.a.j.e.StandardJMeterEngine: Notifying test listeners of end of test
2025-06-19 14:07:49,923 INFO o.a.j.g.u.JMeterMenuBar: setRunning(false, *local*)
2025-06-19 14:09:05,451 INFO o.a.j.e.StandardJMeterEngine: Running the test!
2025-06-19 14:09:05,451 INFO o.a.j.s.SampleEvent: List of sample_variables: []
2025-06-19 14:09:05,452 INFO o.a.j.g.u.JMeterMenuBar: setRunning(true, *local*)
2025-06-19 14:09:05,478 INFO o.a.j.e.StandardJMeterEngine: Starting ThreadGroup: 1 : Thread Group
2025-06-19 14:09:05,479 INFO o.a.j.e.StandardJMeterEngine: Starting 15 threads for group Thread Group.
2025-06-19 14:09:05,479 INFO o.a.j.e.StandardJMeterEngine: Thread will continue on error
2025-06-19 14:09:05,479 INFO o.a.j.t.ThreadGroup: Starting thread group... number=1 threads=15 ramp-up=1 delayedStart=false
2025-06-19 14:09:05,480 INFO o.a.j.t.JMeterThread: Thread started: Thread Group 1-1
2025-06-19 14:09:05,482 INFO o.a.j.t.ThreadGroup: Started thread group number 1
2025-06-19 14:09:05,483 INFO o.a.j.e.StandardJMeterEngine: All thread groups have been started
2025-06-19 14:09:05,521 INFO o.a.j.t.JMeterThread: Thread is done: Thread Group 1-1
2025-06-19 14:09:05,521 INFO o.a.j.t.JMeterThread: Thread finished: Thread Group 1-1
2025-06-19 14:09:05,547 INFO o.a.j.t.JMeterThread: Thread started: Thread Group 1-2
2025-06-19 14:09:05,580 INFO o.a.j.t.JMeterThread: Thread is done: Thread Group 1-2
2025-06-19 14:09:05,581 INFO o.a.j.t.JMeterThread: Thread finished: Thread Group 1-2
2025-06-19 14:09:05,615 INFO o.a.j.t.JMeterThread: Thread started: Thread Group 1-3
2025-06-19 14:09:05,682 INFO o.a.j.t.JMeterThread: Thread started: Thread Group 1-4
2025-06-19 14:09:05,748 INFO o.a.j.t.JMeterThread: Thread started: Thread Group 1-5
2025-06-19 14:09:05,816 INFO o.a.j.t.JMeterThread: Thread started: Thread Group 1-6
2025-06-19 14:09:05,883 INFO o.a.j.t.JMeterThread: Thread started: Thread Group 1-7
2025-06-19 14:09:05,948 INFO o.a.j.t.JMeterThread: Thread started: Thread Group 1-8
2025-06-19 14:09:06,016 INFO o.a.j.t.JMeterThread: Thread started: Thread Group 1-9
2025-06-19 14:09:06,084 INFO o.a.j.t.JMeterThread: Thread started: Thread Group 1-10
2025-06-19 14:09:06,150 INFO o.a.j.t.JMeterThread: Thread started: Thread Group 1-11
2025-06-19 14:09:06,218 INFO o.a.j.t.JMeterThread: Thread started: Thread Group 1-12
2025-06-19 14:09:06,285 INFO o.a.j.t.JMeterThread: Thread started: Thread Group 1-13
2025-06-19 14:09:06,353 INFO o.a.j.t.JMeterThread: Thread started: Thread Group 1-14
2025-06-19 14:09:06,419 INFO o.a.j.t.JMeterThread: Thread started: Thread Group 1-15
2025-06-19 14:09:07,626 INFO o.a.j.t.JMeterThread: Thread is done: Thread Group 1-3
2025-06-19 14:09:07,626 INFO o.a.j.t.JMeterThread: Thread finished: Thread Group 1-3
2025-06-19 14:09:07,702 INFO o.a.j.t.JMeterThread: Thread is done: Thread Group 1-4
2025-06-19 14:09:07,702 INFO o.a.j.t.JMeterThread: Thread finished: Thread Group 1-4
2025-06-19 14:09:07,764 INFO o.a.j.t.JMeterThread: Thread is done: Thread Group 1-5
2025-06-19 14:09:07,764 INFO o.a.j.t.JMeterThread: Thread finished: Thread Group 1-5
2025-06-19 14:09:07,826 INFO o.a.j.t.JMeterThread: Thread is done: Thread Group 1-6
2025-06-19 14:09:07,826 INFO o.a.j.t.JMeterThread: Thread finished: Thread Group 1-6
2025-06-19 14:09:07,905 INFO o.a.j.t.JMeterThread: Thread is done: Thread Group 1-7
2025-06-19 14:09:07,905 INFO o.a.j.t.JMeterThread: Thread finished: Thread Group 1-7
2025-06-19 14:09:07,966 INFO o.a.j.t.JMeterThread: Thread is done: Thread Group 1-8
2025-06-19 14:09:07,966 INFO o.a.j.t.JMeterThread: Thread finished: Thread Group 1-8
2025-06-19 14:09:08,028 INFO o.a.j.t.JMeterThread: Thread is done: Thread Group 1-9
2025-06-19 14:09:08,028 INFO o.a.j.t.JMeterThread: Thread finished: Thread Group 1-9
2025-06-19 14:09:08,105 INFO o.a.j.t.JMeterThread: Thread is done: Thread Group 1-10
2025-06-19 14:09:08,105 INFO o.a.j.t.JMeterThread: Thread finished: Thread Group 1-10
2025-06-19 14:09:08,167 INFO o.a.j.t.JMeterThread: Thread is done: Thread Group 1-11
2025-06-19 14:09:08,167 INFO o.a.j.t.JMeterThread: Thread finished: Thread Group 1-11
2025-06-19 14:09:08,228 INFO o.a.j.t.JMeterThread: Thread is done: Thread Group 1-12
2025-06-19 14:09:08,229 INFO o.a.j.t.JMeterThread: Thread finished: Thread Group 1-12
2025-06-19 14:09:08,306 INFO o.a.j.t.JMeterThread: Thread is done: Thread Group 1-13
2025-06-19 14:09:08,306 INFO o.a.j.t.JMeterThread: Thread finished: Thread Group 1-13
2025-06-19 14:09:08,368 INFO o.a.j.t.JMeterThread: Thread is done: Thread Group 1-14
2025-06-19 14:09:08,368 INFO o.a.j.t.JMeterThread: Thread finished: Thread Group 1-14
2025-06-19 14:09:08,431 INFO o.a.j.t.JMeterThread: Thread is done: Thread Group 1-15
2025-06-19 14:09:08,431 INFO o.a.j.t.JMeterThread: Thread finished: Thread Group 1-15
2025-06-19 14:09:08,431 INFO o.a.j.e.StandardJMeterEngine: Notifying test listeners of end of test
2025-06-19 14:09:08,431 INFO o.a.j.g.u.JMeterMenuBar: setRunning(false, *local*)
2025-06-19 14:09:47,527 INFO o.a.j.e.StandardJMeterEngine: Running the test!
2025-06-19 14:09:47,527 INFO o.a.j.s.SampleEvent: List of sample_variables: []
2025-06-19 14:09:47,527 INFO o.a.j.g.u.JMeterMenuBar: setRunning(true, *local*)
2025-06-19 14:09:47,557 INFO o.a.j.e.StandardJMeterEngine: Starting ThreadGroup: 1 : Thread Group
2025-06-19 14:09:47,559 INFO o.a.j.e.StandardJMeterEngine: Starting 15 threads for group Thread Group.
2025-06-19 14:09:47,559 INFO o.a.j.e.StandardJMeterEngine: Thread will continue on error
2025-06-19 14:09:47,559 INFO o.a.j.t.ThreadGroup: Starting thread group... number=1 threads=15 ramp-up=1 delayedStart=false
2025-06-19 14:09:47,560 INFO o.a.j.t.JMeterThread: Thread started: Thread Group 1-1
2025-06-19 14:09:47,561 INFO o.a.j.t.ThreadGroup: Started thread group number 1
2025-06-19 14:09:47,561 INFO o.a.j.e.StandardJMeterEngine: All thread groups have been started
2025-06-19 14:09:47,602 INFO o.a.j.t.JMeterThread: Thread is done: Thread Group 1-1
2025-06-19 14:09:47,602 INFO o.a.j.t.JMeterThread: Thread finished: Thread Group 1-1
2025-06-19 14:09:47,631 INFO o.a.j.t.JMeterThread: Thread started: Thread Group 1-2
2025-06-19 14:09:47,661 INFO o.a.j.t.JMeterThread: Thread is done: Thread Group 1-2
2025-06-19 14:09:47,661 INFO o.a.j.t.JMeterThread: Thread finished: Thread Group 1-2
2025-06-19 14:09:47,709 INFO o.a.j.t.JMeterThread: Thread started: Thread Group 1-3
2025-06-19 14:09:47,771 INFO o.a.j.t.JMeterThread: Thread started: Thread Group 1-4
2025-06-19 14:09:47,832 INFO o.a.j.t.JMeterThread: Thread started: Thread Group 1-5
2025-06-19 14:09:47,910 INFO o.a.j.t.JMeterThread: Thread started: Thread Group 1-6
2025-06-19 14:09:47,972 INFO o.a.j.t.JMeterThread: Thread started: Thread Group 1-7
2025-06-19 14:09:48,034 INFO o.a.j.t.JMeterThread: Thread started: Thread Group 1-8
2025-06-19 14:09:48,096 INFO o.a.j.t.JMeterThread: Thread started: Thread Group 1-9
2025-06-19 14:09:48,172 INFO o.a.j.t.JMeterThread: Thread started: Thread Group 1-10
2025-06-19 14:09:48,235 INFO o.a.j.t.JMeterThread: Thread started: Thread Group 1-11
2025-06-19 14:09:48,313 INFO o.a.j.t.JMeterThread: Thread started: Thread Group 1-12
2025-06-19 14:09:48,375 INFO o.a.j.t.JMeterThread: Thread started: Thread Group 1-13
2025-06-19 14:09:48,438 INFO o.a.j.t.JMeterThread: Thread started: Thread Group 1-14
2025-06-19 14:09:48,500 INFO o.a.j.t.JMeterThread: Thread started: Thread Group 1-15
2025-06-19 14:09:49,085 INFO o.a.j.t.JMeterThread: Thread is done: Thread Group 1-4
2025-06-19 14:09:49,085 INFO o.a.j.t.JMeterThread: Thread is done: Thread Group 1-3
2025-06-19 14:09:49,085 INFO o.a.j.t.JMeterThread: Thread finished: Thread Group 1-4
2025-06-19 14:09:49,086 INFO o.a.j.t.JMeterThread: Thread finished: Thread Group 1-3
2025-06-19 14:09:49,845 INFO o.a.j.t.JMeterThread: Thread is done: Thread Group 1-5
2025-06-19 14:09:49,845 INFO o.a.j.t.JMeterThread: Thread finished: Thread Group 1-5
2025-06-19 14:09:49,923 INFO o.a.j.t.JMeterThread: Thread is done: Thread Group 1-6
2025-06-19 14:09:49,924 INFO o.a.j.t.JMeterThread: Thread finished: Thread Group 1-6
2025-06-19 14:09:49,986 INFO o.a.j.t.JMeterThread: Thread is done: Thread Group 1-7
2025-06-19 14:09:49,986 INFO o.a.j.t.JMeterThread: Thread finished: Thread Group 1-7
2025-06-19 14:09:50,049 INFO o.a.j.t.JMeterThread: Thread is done: Thread Group 1-8
2025-06-19 14:09:50,049 INFO o.a.j.t.JMeterThread: Thread finished: Thread Group 1-8
2025-06-19 14:09:50,111 INFO o.a.j.t.JMeterThread: Thread is done: Thread Group 1-9
2025-06-19 14:09:50,111 INFO o.a.j.t.JMeterThread: Thread finished: Thread Group 1-9
2025-06-19 14:09:50,189 INFO o.a.j.t.JMeterThread: Thread is done: Thread Group 1-10
2025-06-19 14:09:50,190 INFO o.a.j.t.JMeterThread: Thread finished: Thread Group 1-10
2025-06-19 14:09:50,250 INFO o.a.j.t.JMeterThread: Thread is done: Thread Group 1-11
2025-06-19 14:09:50,251 INFO o.a.j.t.JMeterThread: Thread finished: Thread Group 1-11
2025-06-19 14:09:50,330 INFO o.a.j.t.JMeterThread: Thread is done: Thread Group 1-12
2025-06-19 14:09:50,330 INFO o.a.j.t.JMeterThread: Thread finished: Thread Group 1-12
2025-06-19 14:09:50,390 INFO o.a.j.t.JMeterThread: Thread is done: Thread Group 1-13
2025-06-19 14:09:50,390 INFO o.a.j.t.JMeterThread: Thread finished: Thread Group 1-13
2025-06-19 14:09:50,453 INFO o.a.j.t.JMeterThread: Thread is done: Thread Group 1-14
2025-06-19 14:09:50,453 INFO o.a.j.t.JMeterThread: Thread finished: Thread Group 1-14
2025-06-19 14:09:50,516 INFO o.a.j.t.JMeterThread: Thread is done: Thread Group 1-15
2025-06-19 14:09:50,516 INFO o.a.j.t.JMeterThread: Thread finished: Thread Group 1-15
2025-06-19 14:09:50,516 INFO o.a.j.e.StandardJMeterEngine: Notifying test listeners of end of test
2025-06-19 14:09:50,516 INFO o.a.j.g.u.JMeterMenuBar: setRunning(false, *local*)
2025-06-19 14:11:23,782 INFO o.a.j.e.StandardJMeterEngine: Running the test!
2025-06-19 14:11:23,782 INFO o.a.j.s.SampleEvent: List of sample_variables: []
2025-06-19 14:11:23,783 INFO o.a.j.g.u.JMeterMenuBar: setRunning(true, *local*)
2025-06-19 14:11:23,808 INFO o.a.j.e.StandardJMeterEngine: Starting ThreadGroup: 1 : Thread Group
2025-06-19 14:11:23,809 INFO o.a.j.e.StandardJMeterEngine: Starting 15 threads for group Thread Group.
2025-06-19 14:11:23,809 INFO o.a.j.e.StandardJMeterEngine: Thread will continue on error
2025-06-19 14:11:23,809 INFO o.a.j.t.ThreadGroup: Starting thread group... number=1 threads=15 ramp-up=1 delayedStart=false
2025-06-19 14:11:23,811 INFO o.a.j.t.JMeterThread: Thread started: Thread Group 1-1
2025-06-19 14:11:23,811 INFO o.a.j.t.ThreadGroup: Started thread group number 1
2025-06-19 14:11:23,811 INFO o.a.j.e.StandardJMeterEngine: All thread groups have been started
2025-06-19 14:11:23,827 INFO o.a.j.t.JMeterThread: Thread is done: Thread Group 1-1
2025-06-19 14:11:23,827 INFO o.a.j.t.JMeterThread: Thread finished: Thread Group 1-1
2025-06-19 14:11:23,886 INFO o.a.j.t.JMeterThread: Thread started: Thread Group 1-2
2025-06-19 14:11:23,901 INFO o.a.j.t.JMeterThread: Thread is done: Thread Group 1-2
2025-06-19 14:11:23,901 INFO o.a.j.t.JMeterThread: Thread finished: Thread Group 1-2
2025-06-19 14:11:23,947 INFO o.a.j.t.JMeterThread: Thread started: Thread Group 1-3
2025-06-19 14:11:24,027 INFO o.a.j.t.JMeterThread: Thread started: Thread Group 1-4
2025-06-19 14:11:24,087 INFO o.a.j.t.JMeterThread: Thread started: Thread Group 1-5
2025-06-19 14:11:24,150 INFO o.a.j.t.JMeterThread: Thread started: Thread Group 1-6
2025-06-19 14:11:24,228 INFO o.a.j.t.JMeterThread: Thread started: Thread Group 1-7
2025-06-19 14:11:24,289 INFO o.a.j.t.JMeterThread: Thread started: Thread Group 1-8
2025-06-19 14:11:24,351 INFO o.a.j.t.JMeterThread: Thread started: Thread Group 1-9
2025-06-19 14:11:24,414 INFO o.a.j.t.JMeterThread: Thread started: Thread Group 1-10
2025-06-19 14:11:24,492 INFO o.a.j.t.JMeterThread: Thread started: Thread Group 1-11
2025-06-19 14:11:24,556 INFO o.a.j.t.JMeterThread: Thread started: Thread Group 1-12
2025-06-19 14:11:24,617 INFO o.a.j.t.JMeterThread: Thread started: Thread Group 1-13
2025-06-19 14:11:24,695 INFO o.a.j.t.JMeterThread: Thread started: Thread Group 1-14
2025-06-19 14:11:24,757 INFO o.a.j.t.JMeterThread: Thread started: Thread Group 1-15
2025-06-19 14:11:25,074 INFO o.a.j.t.JMeterThread: Thread is done: Thread Group 1-4
2025-06-19 14:11:25,074 INFO o.a.j.t.JMeterThread: Thread is done: Thread Group 1-3
2025-06-19 14:11:25,075 INFO o.a.j.t.JMeterThread: Thread finished: Thread Group 1-4
2025-06-19 14:11:25,075 INFO o.a.j.t.JMeterThread: Thread finished: Thread Group 1-3
2025-06-19 14:11:26,101 INFO o.a.j.t.JMeterThread: Thread is done: Thread Group 1-5
2025-06-19 14:11:26,101 INFO o.a.j.t.JMeterThread: Thread finished: Thread Group 1-5
2025-06-19 14:11:26,163 INFO o.a.j.t.JMeterThread: Thread is done: Thread Group 1-6
2025-06-19 14:11:26,163 INFO o.a.j.t.JMeterThread: Thread finished: Thread Group 1-6
2025-06-19 14:11:26,242 INFO o.a.j.t.JMeterThread: Thread is done: Thread Group 1-7
2025-06-19 14:11:26,242 INFO o.a.j.t.JMeterThread: Thread finished: Thread Group 1-7
2025-06-19 14:11:26,302 INFO o.a.j.t.JMeterThread: Thread is done: Thread Group 1-8
2025-06-19 14:11:26,302 INFO o.a.j.t.JMeterThread: Thread finished: Thread Group 1-8
2025-06-19 14:11:26,365 INFO o.a.j.t.JMeterThread: Thread is done: Thread Group 1-9
2025-06-19 14:11:26,365 INFO o.a.j.t.JMeterThread: Thread finished: Thread Group 1-9
2025-06-19 14:11:26,428 INFO o.a.j.t.JMeterThread: Thread is done: Thread Group 1-10
2025-06-19 14:11:26,428 INFO o.a.j.t.JMeterThread: Thread finished: Thread Group 1-10
2025-06-19 14:11:26,505 INFO o.a.j.t.JMeterThread: Thread is done: Thread Group 1-11
2025-06-19 14:11:26,506 INFO o.a.j.t.JMeterThread: Thread finished: Thread Group 1-11
2025-06-19 14:11:26,569 INFO o.a.j.t.JMeterThread: Thread is done: Thread Group 1-12
2025-06-19 14:11:26,569 INFO o.a.j.t.JMeterThread: Thread finished: Thread Group 1-12
2025-06-19 14:11:26,632 INFO o.a.j.t.JMeterThread: Thread is done: Thread Group 1-13
2025-06-19 14:11:26,632 INFO o.a.j.t.JMeterThread: Thread finished: Thread Group 1-13
2025-06-19 14:11:26,710 INFO o.a.j.t.JMeterThread: Thread is done: Thread Group 1-14
2025-06-19 14:11:26,710 INFO o.a.j.t.JMeterThread: Thread finished: Thread Group 1-14
2025-06-19 14:11:26,771 INFO o.a.j.t.JMeterThread: Thread is done: Thread Group 1-15
2025-06-19 14:11:26,771 INFO o.a.j.t.JMeterThread: Thread finished: Thread Group 1-15
2025-06-19 14:11:26,772 INFO o.a.j.e.StandardJMeterEngine: Notifying test listeners of end of test
2025-06-19 14:11:26,772 INFO o.a.j.g.u.JMeterMenuBar: setRunning(false, *local*)
2025-06-19 14:12:24,874 INFO o.a.j.e.StandardJMeterEngine: Running the test!
2025-06-19 14:12:24,874 INFO o.a.j.s.SampleEvent: List of sample_variables: []
2025-06-19 14:12:24,874 INFO o.a.j.g.u.JMeterMenuBar: setRunning(true, *local*)
2025-06-19 14:12:24,900 INFO o.a.j.e.StandardJMeterEngine: Starting ThreadGroup: 1 : Thread Group
2025-06-19 14:12:24,901 INFO o.a.j.e.StandardJMeterEngine: Starting 15 threads for group Thread Group.
2025-06-19 14:12:24,901 INFO o.a.j.e.StandardJMeterEngine: Thread will continue on error
2025-06-19 14:12:24,901 INFO o.a.j.t.ThreadGroup: Starting thread group... number=1 threads=15 ramp-up=1 delayedStart=false
2025-06-19 14:12:24,902 INFO o.a.j.t.JMeterThread: Thread started: Thread Group 1-1
2025-06-19 14:12:24,903 INFO o.a.j.t.ThreadGroup: Started thread group number 1
2025-06-19 14:12:24,903 INFO o.a.j.e.StandardJMeterEngine: All thread groups have been started
2025-06-19 14:12:24,940 INFO o.a.j.t.JMeterThread: Thread is done: Thread Group 1-1
2025-06-19 14:12:24,940 INFO o.a.j.t.JMeterThread: Thread finished: Thread Group 1-1
2025-06-19 14:12:24,977 INFO o.a.j.t.JMeterThread: Thread started: Thread Group 1-2
2025-06-19 14:12:25,007 INFO o.a.j.t.JMeterThread: Thread is done: Thread Group 1-2
2025-06-19 14:12:25,007 INFO o.a.j.t.JMeterThread: Thread finished: Thread Group 1-2
2025-06-19 14:12:25,040 INFO o.a.j.t.JMeterThread: Thread started: Thread Group 1-3
2025-06-19 14:12:25,078 INFO o.a.j.t.JMeterThread: Thread is done: Thread Group 1-3
2025-06-19 14:12:25,078 INFO o.a.j.t.JMeterThread: Thread finished: Thread Group 1-3
2025-06-19 14:12:25,117 INFO o.a.j.t.JMeterThread: Thread started: Thread Group 1-4
2025-06-19 14:12:25,148 INFO o.a.j.t.JMeterThread: Thread is done: Thread Group 1-4
2025-06-19 14:12:25,148 INFO o.a.j.t.JMeterThread: Thread finished: Thread Group 1-4
2025-06-19 14:12:25,178 INFO o.a.j.t.JMeterThread: Thread started: Thread Group 1-5
2025-06-19 14:12:25,240 INFO o.a.j.t.JMeterThread: Thread started: Thread Group 1-6
2025-06-19 14:12:25,317 INFO o.a.j.t.JMeterThread: Thread started: Thread Group 1-7
2025-06-19 14:12:25,378 INFO o.a.j.t.JMeterThread: Thread started: Thread Group 1-8
2025-06-19 14:12:25,440 INFO o.a.j.t.JMeterThread: Thread started: Thread Group 1-9
2025-06-19 14:12:25,520 INFO o.a.j.t.JMeterThread: Thread started: Thread Group 1-10
2025-06-19 14:12:25,582 INFO o.a.j.t.JMeterThread: Thread started: Thread Group 1-11
2025-06-19 14:12:25,645 INFO o.a.j.t.JMeterThread: Thread started: Thread Group 1-12
2025-06-19 14:12:25,707 INFO o.a.j.t.JMeterThread: Thread started: Thread Group 1-13
2025-06-19 14:12:25,785 INFO o.a.j.t.JMeterThread: Thread started: Thread Group 1-14
2025-06-19 14:12:25,848 INFO o.a.j.t.JMeterThread: Thread started: Thread Group 1-15
2025-06-19 14:12:27,190 INFO o.a.j.t.JMeterThread: Thread is done: Thread Group 1-5
2025-06-19 14:12:27,191 INFO o.a.j.t.JMeterThread: Thread finished: Thread Group 1-5
2025-06-19 14:12:27,255 INFO o.a.j.t.JMeterThread: Thread is done: Thread Group 1-6
2025-06-19 14:12:27,255 INFO o.a.j.t.JMeterThread: Thread finished: Thread Group 1-6
2025-06-19 14:12:27,332 INFO o.a.j.t.JMeterThread: Thread is done: Thread Group 1-7
2025-06-19 14:12:27,332 INFO o.a.j.t.JMeterThread: Thread finished: Thread Group 1-7
2025-06-19 14:12:27,392 INFO o.a.j.t.JMeterThread: Thread is done: Thread Group 1-8
2025-06-19 14:12:27,392 INFO o.a.j.t.JMeterThread: Thread finished: Thread Group 1-8
2025-06-19 14:12:27,457 INFO o.a.j.t.JMeterThread: Thread is done: Thread Group 1-9
2025-06-19 14:12:27,457 INFO o.a.j.t.JMeterThread: Thread finished: Thread Group 1-9
2025-06-19 14:12:27,535 INFO o.a.j.t.JMeterThread: Thread is done: Thread Group 1-10
2025-06-19 14:12:27,535 INFO o.a.j.t.JMeterThread: Thread finished: Thread Group 1-10
2025-06-19 14:12:27,598 INFO o.a.j.t.JMeterThread: Thread is done: Thread Group 1-11
2025-06-19 14:12:27,598 INFO o.a.j.t.JMeterThread: Thread finished: Thread Group 1-11
2025-06-19 14:12:27,663 INFO o.a.j.t.JMeterThread: Thread is done: Thread Group 1-12
2025-06-19 14:12:27,664 INFO o.a.j.t.JMeterThread: Thread finished: Thread Group 1-12
2025-06-19 14:12:27,724 INFO o.a.j.t.JMeterThread: Thread is done: Thread Group 1-13
2025-06-19 14:12:27,724 INFO o.a.j.t.JMeterThread: Thread finished: Thread Group 1-13
2025-06-19 14:12:27,802 INFO o.a.j.t.JMeterThread: Thread is done: Thread Group 1-14
2025-06-19 14:12:27,802 INFO o.a.j.t.JMeterThread: Thread finished: Thread Group 1-14
2025-06-19 14:12:27,865 INFO o.a.j.t.JMeterThread: Thread is done: Thread Group 1-15
2025-06-19 14:12:27,865 INFO o.a.j.t.JMeterThread: Thread finished: Thread Group 1-15
2025-06-19 14:12:27,865 INFO o.a.j.e.StandardJMeterEngine: Notifying test listeners of end of test
2025-06-19 14:12:27,865 INFO o.a.j.g.u.JMeterMenuBar: setRunning(false, *local*)
